{
  "stats": {
    "suites": 19,
    "tests": 45,
    "passes": 44,
    "pending": 0,
    "failures": 1,
    "start": "2022-08-03T14:55:19.267Z",
    "end": "2022-08-03T14:58:21.561Z",
    "duration": 97054,
    "testsRegistered": 45,
    "passPercent": 97.77777777777777,
    "pendingPercent": 0,
    "other": 0,
    "hasOther": false,
    "skipped": 0,
    "hasSkipped": false
  },
  "results": [
    {
      "uuid": "508d4945-793f-49dd-a1ff-9d444905c719",
      "title": "",
      "fullFile": "cypress/integration/automation-test-store/alias-invoke.js",
      "file": "cypress/integration/automation-test-store/alias-invoke.js",
      "beforeHooks": [],
      "afterHooks": [],
      "tests": [],
      "suites": [
        {
          "uuid": "55300cd8-924e-4b51-a3f8-7634b33d7748",
          "title": "Alias and invoke on https://www.automationteststore.com/",
          "fullFile": "",
          "file": "",
          "beforeHooks": [],
          "afterHooks": [],
          "tests": [
            {
              "title": "Calculate total of normal and sale products",
              "fullTitle": "Alias and invoke on https://www.automationteststore.com/ Calculate total of normal and sale products",
              "timedOut": null,
              "duration": 3167,
              "state": "passed",
              "speed": "fast",
              "pass": true,
              "fail": false,
              "pending": false,
              "context": null,
              "code": "// each() method\n// cy.get('.thumbnail').as('productThumbnail');\n// cy.get('@productThumbnail').find('.oneprice').each(($el, index, $list) => {\n//     cy.log($el.text());\n// });\n// alies\nlet itemTotal = 0;\ncy.get('.thumbnail').find('.oneprice').invoke('text').as('itemPrice');\ncy.get('@itemPrice').then($linkText => {\n  let itemPrice = $linkText.split('$');\n  let priceWithoutDiscont = 0;\n  for (let i = 0; i < itemPrice.length; i++) {\n    priceWithoutDiscont += Number(itemPrice[i]);\n  }\n  cy.log(`Sum prices without discont: ${priceWithoutDiscont}$`);\n  itemTotal += priceWithoutDiscont;\n});\ncy.get('.thumbnail').find('.pricenew').invoke('text').as('saleItemPrice');\ncy.get('@saleItemPrice').then($linkText => {\n  let saleItemPrice = $linkText.split('$');\n  let priceWithDiscount = 0;\n  for (let i = 0; i < saleItemPrice.length; i++) {\n    priceWithDiscount += Number(saleItemPrice[i]);\n  }\n  cy.log(`Sum prices with discont: ${priceWithDiscount}$`);\n  itemTotal += priceWithDiscount;\n}).then(() => {\n  cy.log(`The total sum: ${itemTotal}$`);\n  expect(itemTotal).to.eq(648.5);\n});",
              "err": {},
              "uuid": "9aafed56-ecce-4982-85df-5f9cc99c20e3",
              "parentUUID": "55300cd8-924e-4b51-a3f8-7634b33d7748",
              "isHook": false,
              "skipped": false
            }
          ],
          "suites": [],
          "passes": [
            "9aafed56-ecce-4982-85df-5f9cc99c20e3"
          ],
          "failures": [],
          "pending": [],
          "skipped": [],
          "duration": 3167,
          "root": false,
          "rootEmpty": false,
          "_timeout": 2000
        }
      ],
      "passes": [],
      "failures": [],
      "pending": [],
      "skipped": [],
      "duration": 0,
      "root": true,
      "rootEmpty": true,
      "_timeout": 2000
    },
    {
      "uuid": "b90c6858-e9b8-442c-bc63-a4e95d8308f0",
      "title": "",
      "fullFile": "cypress/integration/automation-test-store/contact-us.js",
      "file": "cypress/integration/automation-test-store/contact-us.js",
      "beforeHooks": [],
      "afterHooks": [],
      "tests": [],
      "suites": [
        {
          "uuid": "9b7b7cfe-0a96-4373-a02b-e0178790cddd",
          "title": "Test Contact Us form via https://www.automationteststore.com/",
          "fullFile": "",
          "file": "",
          "beforeHooks": [],
          "afterHooks": [],
          "tests": [
            {
              "title": "Should be able to submit a successful submission via contact us form",
              "fullTitle": "Test Contact Us form via https://www.automationteststore.com/ Should be able to submit a successful submission via contact us form",
              "timedOut": null,
              "duration": 6264,
              "state": "passed",
              "speed": "medium",
              "pass": true,
              "fail": false,
              "pending": false,
              "context": null,
              "code": "cy.get('@user').then(user => {\n  cy.get('[name=\"first_name\"]').type(user.first_name);\n  cy.get('[name=\"email\"]:nth-child(1)').type(user.email);\n});\ncy.get('[name=\"email\"]:nth-child(1)').should('have.attr', 'name', 'email');\ncy.get('[name=\"enquiry\"]').type('comment');\ncy.get('[title=\"Submit\"]').click();\ncy.get('.mb40 > :nth-child(3)').should('have.text', 'Your enquiry has been successfully sent to the store owner!');",
              "err": {},
              "uuid": "b724d78e-66f9-48c1-be8e-5965ab256a9a",
              "parentUUID": "9b7b7cfe-0a96-4373-a02b-e0178790cddd",
              "isHook": false,
              "skipped": false
            }
          ],
          "suites": [],
          "passes": [
            "b724d78e-66f9-48c1-be8e-5965ab256a9a"
          ],
          "failures": [],
          "pending": [],
          "skipped": [],
          "duration": 6264,
          "root": false,
          "rootEmpty": false,
          "_timeout": 2000
        }
      ],
      "passes": [],
      "failures": [],
      "pending": [],
      "skipped": [],
      "duration": 0,
      "root": true,
      "rootEmpty": true,
      "_timeout": 2000
    },
    {
      "uuid": "4ef0ba18-ffad-4f47-b54e-53e45466bc3a",
      "title": "",
      "fullFile": "cypress/integration/automation-test-store/inspect-item.js",
      "file": "cypress/integration/automation-test-store/inspect-item.js",
      "beforeHooks": [],
      "afterHooks": [],
      "tests": [],
      "suites": [
        {
          "uuid": "68977df7-e7bd-46a5-8362-26f7c0b7fe0e",
          "title": "Item investigation tests using chain of commands",
          "fullFile": "",
          "file": "",
          "beforeHooks": [],
          "afterHooks": [],
          "tests": [
            {
              "title": "Click on the first item using contains() method and item text",
              "fullTitle": "Item investigation tests using chain of commands Click on the first item using contains() method and item text",
              "timedOut": null,
              "duration": 3876,
              "state": "passed",
              "speed": "fast",
              "pass": true,
              "fail": false,
              "pending": false,
              "context": null,
              "code": "cy.get('.prdocutname').contains('Skinsheen Bronzer Stick').click().then(itemHeaderText => console.log('Selected the following item: ' + itemHeaderText.text()));",
              "err": {},
              "uuid": "6692ccc2-9664-42cd-a06b-d16d92fd251a",
              "parentUUID": "68977df7-e7bd-46a5-8362-26f7c0b7fe0e",
              "isHook": false,
              "skipped": false
            }
          ],
          "suites": [],
          "passes": [
            "6692ccc2-9664-42cd-a06b-d16d92fd251a"
          ],
          "failures": [],
          "pending": [],
          "skipped": [],
          "duration": 3876,
          "root": false,
          "rootEmpty": false,
          "_timeout": 2000
        }
      ],
      "passes": [],
      "failures": [],
      "pending": [],
      "skipped": [],
      "duration": 0,
      "root": true,
      "rootEmpty": true,
      "_timeout": 2000
    },
    {
      "uuid": "67da175f-95cc-487b-85df-93bc7420e00f",
      "title": "",
      "fullFile": "cypress/integration/automation-test-store/iterate-over-elements.js",
      "file": "cypress/integration/automation-test-store/iterate-over-elements.js",
      "beforeHooks": [],
      "afterHooks": [],
      "tests": [],
      "suites": [
        {
          "uuid": "001f5888-ebf7-4649-8750-3ae3ef950b74",
          "title": "Iterateover elements on https://www.automationteststore.com/",
          "fullFile": "",
          "file": "",
          "beforeHooks": [],
          "afterHooks": [],
          "tests": [
            {
              "title": "Log information of all hair care products",
              "fullTitle": "Iterateover elements on https://www.automationteststore.com/ Log information of all hair care products",
              "timedOut": null,
              "duration": 3800,
              "state": "passed",
              "speed": "fast",
              "pass": true,
              "fail": false,
              "pending": false,
              "context": null,
              "code": "cy.get('.fixed_wrapper .prdocutname').each(($el, index, $list) => {\n  cy.log(`Index ${index}: ${$el.text()}`);\n});",
              "err": {},
              "uuid": "90e714b0-b633-4db1-9178-c7d93183ff3d",
              "parentUUID": "001f5888-ebf7-4649-8750-3ae3ef950b74",
              "isHook": false,
              "skipped": false
            },
            {
              "title": "Add specific product to basket",
              "fullTitle": "Iterateover elements on https://www.automationteststore.com/ Add specific product to basket",
              "timedOut": null,
              "duration": 3131,
              "state": "passed",
              "speed": "fast",
              "pass": true,
              "fail": false,
              "pending": false,
              "context": null,
              "code": "// Before using Cypress.Command\n// cy.get('.fixed_wrapper .prdocutname').each(($el, index, $list) => {\n//     if ($el.text().includes('Curls to straight Shampoo')) {\n//         cy.wrap($el).click();\n//     }\n// });\ncy.selectProduct('Curls to straight Shampoo');",
              "err": {},
              "uuid": "33a43a95-124f-481b-9338-806d09c52068",
              "parentUUID": "001f5888-ebf7-4649-8750-3ae3ef950b74",
              "isHook": false,
              "skipped": false
            },
            {
              "title": "Check another specific product",
              "fullTitle": "Iterateover elements on https://www.automationteststore.com/ Check another specific product",
              "timedOut": null,
              "duration": 3680,
              "state": "passed",
              "speed": "fast",
              "pass": true,
              "fail": false,
              "pending": false,
              "context": null,
              "code": "cy.selectProduct('Pantene Pro-V Conditioner, Classic Care');",
              "err": {},
              "uuid": "db82e5ba-7846-4471-93c4-e1e484fa6285",
              "parentUUID": "001f5888-ebf7-4649-8750-3ae3ef950b74",
              "isHook": false,
              "skipped": false
            }
          ],
          "suites": [],
          "passes": [
            "90e714b0-b633-4db1-9178-c7d93183ff3d",
            "33a43a95-124f-481b-9338-806d09c52068",
            "db82e5ba-7846-4471-93c4-e1e484fa6285"
          ],
          "failures": [],
          "pending": [],
          "skipped": [],
          "duration": 10611,
          "root": false,
          "rootEmpty": false,
          "_timeout": 2000
        }
      ],
      "passes": [],
      "failures": [],
      "pending": [],
      "skipped": [],
      "duration": 0,
      "root": true,
      "rootEmpty": true,
      "_timeout": 2000
    },
    {
      "uuid": "4060fecd-0d73-4c82-8092-af92547a022c",
      "title": "",
      "fullFile": "cypress/integration/automation-test-store/variables-and-commands.js",
      "file": "cypress/integration/automation-test-store/variables-and-commands.js",
      "beforeHooks": [],
      "afterHooks": [],
      "tests": [],
      "suites": [
        {
          "uuid": "903bc119-0e87-4f3f-b728-633fed360839",
          "title": "Verifying variables, cypress commands and jQuery https://www.automationteststore.com/",
          "fullFile": "",
          "file": "",
          "beforeHooks": [],
          "afterHooks": [],
          "tests": [
            {
              "title": "Navigating to specific product pages",
              "fullTitle": "Verifying variables, cypress commands and jQuery https://www.automationteststore.com/ Navigating to specific product pages",
              "timedOut": null,
              "duration": 5489,
              "state": "passed",
              "speed": "medium",
              "pass": true,
              "fail": false,
              "pending": false,
              "context": null,
              "code": "const makeupLink = cy.xpath(\"//*[@id='categorymenu']\").contains('Makeup');\nmakeupLink.click();\nconst skincareLink = cy.xpath(\"//*[@id='categorymenu']\").contains('Skincare');\nskincareLink.click();",
              "err": {},
              "uuid": "e3b3f1b0-9673-4c64-bb44-304a182d9c89",
              "parentUUID": "903bc119-0e87-4f3f-b728-633fed360839",
              "isHook": false,
              "skipped": false
            },
            {
              "title": "Navigating to makeup page",
              "fullTitle": "Verifying variables, cypress commands and jQuery https://www.automationteststore.com/ Navigating to makeup page",
              "timedOut": null,
              "duration": 2771,
              "state": "passed",
              "speed": "fast",
              "pass": true,
              "fail": false,
              "pending": false,
              "context": null,
              "code": "cy.xpath(\"//*[@id='categorymenu']\").contains('Makeup').click(); // Fallowing code will fall\n// const header = cy.get('h1 .maintext');\n// cy.log(header.text());\ncy.get('h1 .maintext').then($headerText => {\n  const headerText = $headerText.text();\n  cy.log(\"Found header text: \" + headerText);\n  expect(headerText).is.eq('Makeup');\n});",
              "err": {},
              "uuid": "81971a3b-6786-4a81-b1a7-f6296747ebd8",
              "parentUUID": "903bc119-0e87-4f3f-b728-633fed360839",
              "isHook": false,
              "skipped": false
            },
            {
              "title": "Validate properties of the Contact Us page",
              "fullTitle": "Verifying variables, cypress commands and jQuery https://www.automationteststore.com/ Validate properties of the Contact Us page",
              "timedOut": null,
              "duration": 2794,
              "state": "passed",
              "speed": "fast",
              "pass": true,
              "fail": false,
              "pending": false,
              "context": null,
              "code": "cy.get(\"a[href$='contact']\").contains('Contact Us').click(); // #1 Uses Cypress commands and chaining\ncy.contains('#ContactUsFrm', 'Contact Us Form').find('#field_11').should('contain', 'First name:'); // #2 jQuery approach\ncy.contains('#ContactUsFrm', 'Contact Us Form').then(text => {\n  const firstNameText = text.find('#field_11').text();\n  expect(firstNameText).to.contain('First name'); // #3 Embedded commands (Closure)\n  cy.get('#field_11').then(fnText => {\n    cy.log(fnText.text());\n    cy.log(fnText);\n  });\n});",
              "err": {},
              "uuid": "073f4868-3ad3-4c9c-a05f-a75a960f0161",
              "parentUUID": "903bc119-0e87-4f3f-b728-633fed360839",
              "isHook": false,
              "skipped": false
            },
            {
              "title": "Environment variable",
              "fullTitle": "Verifying variables, cypress commands and jQuery https://www.automationteststore.com/ Environment variable",
              "timedOut": null,
              "duration": 3592,
              "state": "failed",
              "speed": null,
              "pass": false,
              "fail": true,
              "pending": false,
              "context": null,
              "code": "const envValue = Cypress.env(\"foo\");\nexpect(envValue).to.eq(\"bar\");",
              "err": {
                "message": "AssertionError: expected undefined to equal 'bar'",
                "estack": "AssertionError: expected undefined to equal 'bar'\n    at Context.eval (https://www.automationteststore.com/__cypress/tests?p=cypress\\integration\\automation-test-store\\variables-and-commands.js:138:25)",
                "diff": null
              },
              "uuid": "6fbec1be-462d-45cb-a008-f0a4ae9b5c30",
              "parentUUID": "903bc119-0e87-4f3f-b728-633fed360839",
              "isHook": false,
              "skipped": false
            }
          ],
          "suites": [],
          "passes": [
            "e3b3f1b0-9673-4c64-bb44-304a182d9c89",
            "81971a3b-6786-4a81-b1a7-f6296747ebd8",
            "073f4868-3ad3-4c9c-a05f-a75a960f0161"
          ],
          "failures": [
            "6fbec1be-462d-45cb-a008-f0a4ae9b5c30"
          ],
          "pending": [],
          "skipped": [],
          "duration": 14646,
          "root": false,
          "rootEmpty": false,
          "_timeout": 2000
        }
      ],
      "passes": [],
      "failures": [],
      "pending": [],
      "skipped": [],
      "duration": 0,
      "root": true,
      "rootEmpty": true,
      "_timeout": 2000
    },
    {
      "uuid": "4ac3a653-8071-48c2-80ab-5352e5ada3ee",
      "title": "",
      "fullFile": "cypress/integration/webdriver-uni/autocomplete-dropdown-list.js",
      "file": "cypress/integration/webdriver-uni/autocomplete-dropdown-list.js",
      "beforeHooks": [],
      "afterHooks": [],
      "tests": [],
      "suites": [
        {
          "uuid": "010f5d94-6770-4ab3-9b52-77402eadb15f",
          "title": "Verify autocomplete dropdown list via webdriveruni",
          "fullFile": "",
          "file": "",
          "beforeHooks": [],
          "afterHooks": [],
          "tests": [
            {
              "title": "Select specific product from autocomplete drodown list",
              "fullTitle": "Verify autocomplete dropdown list via webdriveruni Select specific product from autocomplete drodown list",
              "timedOut": null,
              "duration": 2785,
              "state": "passed",
              "speed": "fast",
              "pass": true,
              "fail": false,
              "pending": false,
              "context": null,
              "code": "cy.get('#myInput').type('A');\ncy.get('#myInputautocomplete-list > *').each(($el, index, $list) => {\n  const prodductName = $el.text();\n  const productToSelect = 'Avacado';\n  if (prodductName === productToSelect) {\n    $el.click();\n    cy.get('#submit-button').click();\n    cy.url().should('include', prodductName);\n  }\n}).then(() => {\n  cy.get('#myInput').type('G');\n  cy.get('#myInputautocomplete-list > *').each(($el, index, $list) => {\n    const prodductName = $el.text();\n    const productToSelect = 'Grapes';\n    if (prodductName === productToSelect) {\n      $el.trigger('click');\n      cy.get('#submit-button').click();\n      cy.url().should('include', prodductName);\n    }\n  });\n});",
              "err": {},
              "uuid": "170b53a8-55ec-43cb-93ad-eb2736a93a91",
              "parentUUID": "010f5d94-6770-4ab3-9b52-77402eadb15f",
              "isHook": false,
              "skipped": false
            }
          ],
          "suites": [],
          "passes": [
            "170b53a8-55ec-43cb-93ad-eb2736a93a91"
          ],
          "failures": [],
          "pending": [],
          "skipped": [],
          "duration": 2785,
          "root": false,
          "rootEmpty": false,
          "_timeout": 2000
        }
      ],
      "passes": [],
      "failures": [],
      "pending": [],
      "skipped": [],
      "duration": 0,
      "root": true,
      "rootEmpty": true,
      "_timeout": 2000
    },
    {
      "uuid": "990d54cf-4b54-47ef-a015-4f28dc3f4d51",
      "title": "",
      "fullFile": "cypress/integration/webdriver-uni/browser-navigation.js",
      "file": "cypress/integration/webdriver-uni/browser-navigation.js",
      "beforeHooks": [],
      "afterHooks": [],
      "tests": [],
      "suites": [
        {
          "uuid": "cc190b5b-0eec-4340-8178-21aaaa9359bc",
          "title": "Test Contact Us form via http://www.webdriveruniversity.com",
          "fullFile": "",
          "file": "",
          "beforeHooks": [],
          "afterHooks": [],
          "tests": [
            {
              "title": "Confirm links redirect to the correct pages",
              "fullTitle": "Test Contact Us form via http://www.webdriveruniversity.com Confirm links redirect to the correct pages",
              "timedOut": null,
              "duration": 4963,
              "state": "passed",
              "speed": "fast",
              "pass": true,
              "fail": false,
              "pending": false,
              "context": null,
              "code": "cy.go('back');\ncy.reload(); // without using cache\n// cy.reload(true); \ncy.url().should('eq', Cypress.env(\"webdriveruin_homepage\"));\ncy.go('forward');\ncy.url().should('include', 'contactus');\ncy.go('back');\ncy.get('#login-portal').invoke('removeAttr', 'target').click({\n  force: true\n});\ncy.url().should('include', 'Login-Portal');\ncy.go('back');\ncy.get('#to-do-list').invoke('removeAttr', 'target').click({\n  force: true\n});\ncy.url().should('include', 'To-Do-List');",
              "err": {},
              "uuid": "76b3fd8e-4830-4409-af17-9161598215c3",
              "parentUUID": "cc190b5b-0eec-4340-8178-21aaaa9359bc",
              "isHook": false,
              "skipped": false
            }
          ],
          "suites": [],
          "passes": [
            "76b3fd8e-4830-4409-af17-9161598215c3"
          ],
          "failures": [],
          "pending": [],
          "skipped": [],
          "duration": 4963,
          "root": false,
          "rootEmpty": false,
          "_timeout": 2000
        }
      ],
      "passes": [],
      "failures": [],
      "pending": [],
      "skipped": [],
      "duration": 0,
      "root": true,
      "rootEmpty": true,
      "_timeout": 2000
    },
    {
      "uuid": "f91935ae-0715-4bfe-b662-d2951c416a5c",
      "title": "",
      "fullFile": "cypress/integration/webdriver-uni/checkboxes.js",
      "file": "cypress/integration/webdriver-uni/checkboxes.js",
      "beforeHooks": [],
      "afterHooks": [],
      "tests": [],
      "suites": [
        {
          "uuid": "d73bb314-14bb-4ed2-92af-36926c585f46",
          "title": "Verify checkboxes via webdriveruni",
          "fullFile": "",
          "file": "",
          "beforeHooks": [],
          "afterHooks": [],
          "tests": [
            {
              "title": "Check checkbox value",
              "fullTitle": "Verify checkboxes via webdriveruni Check checkbox value",
              "timedOut": null,
              "duration": 1656,
              "state": "passed",
              "speed": "fast",
              "pass": true,
              "fail": false,
              "pending": false,
              "context": null,
              "code": "cy.get('#checkboxes input').eq(0).should('not.be.checked');\ncy.get('#checkboxes input').eq(0).check();\ncy.get('#checkboxes input').eq(0).should('be.checked');",
              "err": {},
              "uuid": "b7035fa2-ebd7-43be-8915-85537ad28144",
              "parentUUID": "d73bb314-14bb-4ed2-92af-36926c585f46",
              "isHook": false,
              "skipped": false
            },
            {
              "title": "Uncheck checkbox value",
              "fullTitle": "Verify checkboxes via webdriveruni Uncheck checkbox value",
              "timedOut": null,
              "duration": 698,
              "state": "passed",
              "speed": "fast",
              "pass": true,
              "fail": false,
              "pending": false,
              "context": null,
              "code": "cy.get('#checkboxes input').eq(1).as('option-2');\ncy.get('@option-2').check();\ncy.get('@option-2').uncheck();\ncy.get('@option-2').should('not.be.checked');",
              "err": {},
              "uuid": "76aabcfe-651a-48da-97f7-7be635c13202",
              "parentUUID": "d73bb314-14bb-4ed2-92af-36926c585f46",
              "isHook": false,
              "skipped": false
            },
            {
              "title": "Check multiple checkboxes",
              "fullTitle": "Verify checkboxes via webdriveruni Check multiple checkboxes",
              "timedOut": null,
              "duration": 1000,
              "state": "passed",
              "speed": "fast",
              "pass": true,
              "fail": false,
              "pending": false,
              "context": null,
              "code": "cy.get('#checkboxes input').check([\"option-1\", \"option-2\", \"option-3\", \"option-4\"]);\ncy.get('#checkboxes input').should('be.checked');",
              "err": {},
              "uuid": "2eaafd9c-6f57-4316-9355-ef59527f1582",
              "parentUUID": "d73bb314-14bb-4ed2-92af-36926c585f46",
              "isHook": false,
              "skipped": false
            }
          ],
          "suites": [],
          "passes": [
            "b7035fa2-ebd7-43be-8915-85537ad28144",
            "76aabcfe-651a-48da-97f7-7be635c13202",
            "2eaafd9c-6f57-4316-9355-ef59527f1582"
          ],
          "failures": [],
          "pending": [],
          "skipped": [],
          "duration": 3354,
          "root": false,
          "rootEmpty": false,
          "_timeout": 2000
        }
      ],
      "passes": [],
      "failures": [],
      "pending": [],
      "skipped": [],
      "duration": 0,
      "root": true,
      "rootEmpty": true,
      "_timeout": 2000
    },
    {
      "uuid": "8b30a6ab-b19b-4e0e-9d77-948c2a65379a",
      "title": "",
      "fullFile": "cypress/integration/webdriver-uni/contact-us.js",
      "file": "cypress/integration/webdriver-uni/contact-us.js",
      "beforeHooks": [],
      "afterHooks": [],
      "tests": [],
      "suites": [
        {
          "uuid": "89142895-dd6f-4cad-bb73-63ff1361a3a7",
          "title": "Test Contact Us form via http://www.webdriveruniversity.com",
          "fullFile": "",
          "file": "",
          "beforeHooks": [],
          "afterHooks": [],
          "tests": [
            {
              "title": "Should be able to submit a successful submission via contact us form",
              "fullTitle": "Test Contact Us form via http://www.webdriveruniversity.com Should be able to submit a successful submission via contact us form",
              "timedOut": null,
              "duration": 4865,
              "state": "passed",
              "speed": "fast",
              "pass": true,
              "fail": false,
              "pending": false,
              "context": null,
              "code": "contactus_PO.submitContactForm(data.first_name, data.last_name, data.email, data.body, 'body', data.message);",
              "err": {},
              "uuid": "d3638ca2-7168-43bc-a684-3edb0b609af3",
              "parentUUID": "89142895-dd6f-4cad-bb73-63ff1361a3a7",
              "isHook": false,
              "skipped": false
            },
            {
              "title": "Should not be able to submission via contact us from as all fields are required",
              "fullTitle": "Test Contact Us form via http://www.webdriveruniversity.com Should not be able to submission via contact us from as all fields are required",
              "timedOut": null,
              "duration": 2122,
              "state": "passed",
              "speed": "fast",
              "pass": true,
              "fail": false,
              "pending": false,
              "context": null,
              "code": "cy.fillContactForm(data.first_name, data.last_name, Cypress.env(\"email\"), data.body, 'body', data.message_error);",
              "err": {},
              "uuid": "ef544807-c950-4196-a0d3-8a1bec1ab2a3",
              "parentUUID": "89142895-dd6f-4cad-bb73-63ff1361a3a7",
              "isHook": false,
              "skipped": false
            }
          ],
          "suites": [],
          "passes": [
            "d3638ca2-7168-43bc-a684-3edb0b609af3",
            "ef544807-c950-4196-a0d3-8a1bec1ab2a3"
          ],
          "failures": [],
          "pending": [],
          "skipped": [],
          "duration": 6987,
          "root": false,
          "rootEmpty": false,
          "_timeout": 2000
        }
      ],
      "passes": [],
      "failures": [],
      "pending": [],
      "skipped": [],
      "duration": 0,
      "root": true,
      "rootEmpty": true,
      "_timeout": 2000
    },
    {
      "uuid": "8606454a-2091-44b8-bcc4-d92c2a698b25",
      "title": "",
      "fullFile": "cypress/integration/webdriver-uni/data-table.js",
      "file": "cypress/integration/webdriver-uni/data-table.js",
      "beforeHooks": [],
      "afterHooks": [],
      "tests": [],
      "suites": [
        {
          "uuid": "404abdfe-2d4c-41fb-8b2d-0f8be8af9aba",
          "title": "Handling data via webdriveruni",
          "fullFile": "",
          "file": "",
          "beforeHooks": [],
          "afterHooks": [],
          "tests": [
            {
              "title": "Calculate and assert the total age of all user",
              "fullTitle": "Handling data via webdriveruni Calculate and assert the total age of all user",
              "timedOut": null,
              "duration": 2462,
              "state": "passed",
              "speed": "fast",
              "pass": true,
              "fail": false,
              "pending": false,
              "context": null,
              "code": "let userDetails = [];\nlet sumOfAges = 0;\ncy.get('#thumbnail-1 td').each(($el, index, $list) => {\n  userDetails[index] = $el.text();\n}).then(() => {\n  for (const key in userDetails) {\n    if (Number(userDetails[key])) {\n      sumOfAges += Number(userDetails[key]);\n    }\n  }\n  cy.log(`Found sum of ages: ${sumOfAges}`);\n  expect(sumOfAges).to.eq(322);\n});",
              "err": {},
              "uuid": "9f620bb0-ac1e-4fdd-8472-64686fb681e4",
              "parentUUID": "404abdfe-2d4c-41fb-8b2d-0f8be8af9aba",
              "isHook": false,
              "skipped": false
            },
            {
              "title": "Calculate and assert the age of a given user based on last name",
              "fullTitle": "Handling data via webdriveruni Calculate and assert the age of a given user based on last name",
              "timedOut": null,
              "duration": 733,
              "state": "passed",
              "speed": "fast",
              "pass": true,
              "fail": false,
              "pending": false,
              "context": null,
              "code": "cy.get('#thumbnail-1 tr td:nth-child(2)').each(($el, index, $list) => {\n  if ($el.text() === 'Woods') {\n    cy.get('#thumbnail-1 tr td:nth-child(2)').eq(index).next().then(age => {\n      expect(age.text()).to.eq('80');\n    });\n  }\n});",
              "err": {},
              "uuid": "73951026-a848-4a2e-a7a5-ab7bfa7c7ec8",
              "parentUUID": "404abdfe-2d4c-41fb-8b2d-0f8be8af9aba",
              "isHook": false,
              "skipped": false
            }
          ],
          "suites": [],
          "passes": [
            "9f620bb0-ac1e-4fdd-8472-64686fb681e4",
            "73951026-a848-4a2e-a7a5-ab7bfa7c7ec8"
          ],
          "failures": [],
          "pending": [],
          "skipped": [],
          "duration": 3195,
          "root": false,
          "rootEmpty": false,
          "_timeout": 2000
        }
      ],
      "passes": [],
      "failures": [],
      "pending": [],
      "skipped": [],
      "duration": 0,
      "root": true,
      "rootEmpty": true,
      "_timeout": 2000
    },
    {
      "uuid": "5d04e8c2-7e3b-496c-be40-a68db34c7374",
      "title": "",
      "fullFile": "cypress/integration/webdriver-uni/datepicker.js",
      "file": "cypress/integration/webdriver-uni/datepicker.js",
      "beforeHooks": [],
      "afterHooks": [],
      "tests": [],
      "suites": [
        {
          "uuid": "359b9669-4e35-4ff4-b172-6ecaf6b4f177",
          "title": "Test Datapicker",
          "fullFile": "",
          "file": "",
          "beforeHooks": [],
          "afterHooks": [],
          "tests": [
            {
              "title": "Test Datapicker via webdriveruni",
              "fullTitle": "Test Datapicker Test Datapicker via webdriveruni",
              "timedOut": null,
              "duration": 4665,
              "state": "passed",
              "speed": "fast",
              "pass": true,
              "fail": false,
              "pending": false,
              "context": null,
              "code": "let date = new Date();\ndate.setDate(date.getDate() + 250);\nlet futureYear = date.getFullYear();\nlet futureMonth = date.toLocaleString(\"default\", {\n  month: 'long'\n});\nlet futureDay = date.getDate();\ncy.log(`Future year to select: ${futureYear}`);\ncy.log(`Future month to select: ${futureMonth}`);\ncy.log(`Future day to select: ${futureDay}`);\nfunction selectMonthAndYear() {\n  cy.get('.datepicker-dropdown').find('.datepicker-switch').first().then(currentDate => {\n    if (!currentDate.text().includes(futureYear)) {\n      cy.get('.next').first().click();\n      selectMonthAndYear();\n    }\n  }).then(() => {\n    cy.get('.datepicker-dropdown').find('.datepicker-switch').first().then(currentDate => {\n      if (!currentDate.text().includes(futureMonth)) {\n        cy.get('.next').first().click();\n        selectMonthAndYear();\n      }\n    });\n  });\n}\nfunction selectFutureDay() {\n  cy.get('[class=\"day\"]').contains(futureDay).click();\n}\nselectMonthAndYear();\nselectFutureDay();",
              "err": {},
              "uuid": "82c37513-5982-4a2b-b090-af372c3368f4",
              "parentUUID": "359b9669-4e35-4ff4-b172-6ecaf6b4f177",
              "isHook": false,
              "skipped": false
            }
          ],
          "suites": [],
          "passes": [
            "82c37513-5982-4a2b-b090-af372c3368f4"
          ],
          "failures": [],
          "pending": [],
          "skipped": [],
          "duration": 4665,
          "root": false,
          "rootEmpty": false,
          "_timeout": 2000
        }
      ],
      "passes": [],
      "failures": [],
      "pending": [],
      "skipped": [],
      "duration": 0,
      "root": true,
      "rootEmpty": true,
      "_timeout": 2000
    },
    {
      "uuid": "84c1edad-d5e6-43a5-846b-e7f304e91e91",
      "title": "",
      "fullFile": "cypress/integration/webdriver-uni/file-upload.js",
      "file": "cypress/integration/webdriver-uni/file-upload.js",
      "beforeHooks": [],
      "afterHooks": [],
      "tests": [],
      "suites": [
        {
          "uuid": "74af8632-d58f-4ee0-bb0c-29920024d91f",
          "title": "Handling upload files via webdriveruni",
          "fullFile": "",
          "file": "",
          "beforeHooks": [],
          "afterHooks": [],
          "tests": [
            {
              "title": "Test file upload",
              "fullTitle": "Handling upload files via webdriveruni Test file upload",
              "timedOut": null,
              "duration": 1668,
              "state": "passed",
              "speed": "fast",
              "pass": true,
              "fail": false,
              "pending": false,
              "context": null,
              "code": "cy.fixture('laptop.png', 'base64').then(fileContent => {\n  cy.get('#myFile').attachFile({\n    fileContent,\n    fileName: \"laptop.png\",\n    mimeType: \"image/png\"\n  }, {\n    uploadType: \"input\"\n  });\n});\ncy.get('#submit-button').click();\ncy.on('window:alert', str => {\n  expect(str).to.equal('Your file has now been uploaded!');\n});",
              "err": {},
              "uuid": "09608a20-a65f-4cdc-9cc7-e8c21678269a",
              "parentUUID": "74af8632-d58f-4ee0-bb0c-29920024d91f",
              "isHook": false,
              "skipped": false
            },
            {
              "title": "Test file no upload",
              "fullTitle": "Handling upload files via webdriveruni Test file no upload",
              "timedOut": null,
              "duration": 681,
              "state": "passed",
              "speed": "fast",
              "pass": true,
              "fail": false,
              "pending": false,
              "context": null,
              "code": "cy.get('#submit-button').click();\ncy.on('window:alert', str => {\n  expect(str).to.equal('You need to select a file to upload!');\n});",
              "err": {},
              "uuid": "353f6200-0c40-48f0-9fda-7b942a866b93",
              "parentUUID": "74af8632-d58f-4ee0-bb0c-29920024d91f",
              "isHook": false,
              "skipped": false
            }
          ],
          "suites": [],
          "passes": [
            "09608a20-a65f-4cdc-9cc7-e8c21678269a",
            "353f6200-0c40-48f0-9fda-7b942a866b93"
          ],
          "failures": [],
          "pending": [],
          "skipped": [],
          "duration": 2349,
          "root": false,
          "rootEmpty": false,
          "_timeout": 2000
        }
      ],
      "passes": [],
      "failures": [],
      "pending": [],
      "skipped": [],
      "duration": 0,
      "root": true,
      "rootEmpty": true,
      "_timeout": 2000
    },
    {
      "uuid": "b01905e4-e566-4c70-8c26-1b2c63bbb4b6",
      "title": "",
      "fullFile": "cypress/integration/webdriver-uni/ifram.js",
      "file": "cypress/integration/webdriver-uni/ifram.js",
      "beforeHooks": [],
      "afterHooks": [],
      "tests": [],
      "suites": [
        {
          "uuid": "ef770e11-68d8-4772-ab64-02cc04f885ba",
          "title": "Test iframe",
          "fullFile": "",
          "file": "",
          "beforeHooks": [],
          "afterHooks": [],
          "tests": [
            {
              "title": "Handle webdriveruni iframe and modal",
              "fullTitle": "Test iframe Handle webdriveruni iframe and modal",
              "timedOut": null,
              "duration": 1994,
              "state": "passed",
              "speed": "fast",
              "pass": true,
              "fail": false,
              "pending": false,
              "context": null,
              "code": "cy.get('#frame').then($iframe => {\n  const body = $iframe.contents().find('body');\n  cy.wrap(body).as('iframe');\n});\ncy.get('@iframe').find('#button-find-out-more').click();\ncy.get('@iframe').find('#myModal').as('modal');\ncy.get('@modal').should($expctedText => {\n  const text = $expctedText.text();\n  expect(text).to.include('Welcome to webdriveruniversity.com we sell a wide range of electrical goods such as laptops, game consoles, cameras...');\n});\ncy.get('@modal').contains('Close').click();",
              "err": {},
              "uuid": "f7b8b6e4-8333-483d-a90d-d4ffeb50c80f",
              "parentUUID": "ef770e11-68d8-4772-ab64-02cc04f885ba",
              "isHook": false,
              "skipped": false
            }
          ],
          "suites": [],
          "passes": [
            "f7b8b6e4-8333-483d-a90d-d4ffeb50c80f"
          ],
          "failures": [],
          "pending": [],
          "skipped": [],
          "duration": 1994,
          "root": false,
          "rootEmpty": false,
          "_timeout": 2000
        }
      ],
      "passes": [],
      "failures": [],
      "pending": [],
      "skipped": [],
      "duration": 0,
      "root": true,
      "rootEmpty": true,
      "_timeout": 2000
    },
    {
      "uuid": "70036681-fe50-4003-ab56-3bf43a7cb004",
      "title": "",
      "fullFile": "cypress/integration/webdriver-uni/js-alerts.js",
      "file": "cypress/integration/webdriver-uni/js-alerts.js",
      "beforeHooks": [],
      "afterHooks": [],
      "tests": [],
      "suites": [
        {
          "uuid": "e8d728f5-bb50-4bec-99ce-ea17f3692de3",
          "title": "Handle JS-alerts http://www.webdriveruniversity.com",
          "fullFile": "",
          "file": "",
          "beforeHooks": [],
          "afterHooks": [],
          "tests": [
            {
              "title": "Validate js confirm alert box using stubs",
              "fullTitle": "Handle JS-alerts http://www.webdriveruniversity.com Validate js confirm alert box using stubs",
              "timedOut": null,
              "duration": 1900,
              "state": "passed",
              "speed": "fast",
              "pass": true,
              "fail": false,
              "pending": false,
              "context": null,
              "code": "const stub = cy.stub();\ncy.on('window:confirm', stub);\ncy.get('#button4').click().then(() => {\n  expect(stub.getCall(0)).to.be.calledWith('Press a button!');\n}).then(() => {\n  return true;\n}).then(() => {\n  cy.get('#confirm-alert-text').contains('You pressed OK!');\n});",
              "err": {},
              "uuid": "56872a6c-885b-42ce-b1db-e0297f075996",
              "parentUUID": "e8d728f5-bb50-4bec-99ce-ea17f3692de3",
              "isHook": false,
              "skipped": false
            }
          ],
          "suites": [],
          "passes": [
            "56872a6c-885b-42ce-b1db-e0297f075996"
          ],
          "failures": [],
          "pending": [],
          "skipped": [],
          "duration": 1900,
          "root": false,
          "rootEmpty": false,
          "_timeout": 2000
        }
      ],
      "passes": [],
      "failures": [],
      "pending": [],
      "skipped": [],
      "duration": 0,
      "root": true,
      "rootEmpty": true,
      "_timeout": 2000
    },
    {
      "uuid": "0f71c27a-9c66-4021-bb20-6f2890f268bf",
      "title": "",
      "fullFile": "cypress/integration/webdriver-uni/mouse-actions.js",
      "file": "cypress/integration/webdriver-uni/mouse-actions.js",
      "beforeHooks": [],
      "afterHooks": [],
      "tests": [],
      "suites": [
        {
          "uuid": "70a8c8a4-b67a-4557-92ab-f5a095c81f18",
          "title": "Test mouse actions",
          "fullFile": "",
          "file": "",
          "beforeHooks": [],
          "afterHooks": [],
          "tests": [
            {
              "title": "I should be able hold down the left mouse click button on a given element",
              "fullTitle": "Test mouse actions I should be able hold down the left mouse click button on a given element",
              "timedOut": null,
              "duration": 1923,
              "state": "passed",
              "speed": "fast",
              "pass": true,
              "fail": false,
              "pending": false,
              "context": null,
              "code": "cy.get('#click-box').trigger('mousedown', {\n  which: 1\n}).then($element => {\n  expect($element).to.have.css('background-color', 'rgb(0, 255, 0)');\n});",
              "err": {},
              "uuid": "0d49f968-9e3b-46e2-b06b-936bd8b3c030",
              "parentUUID": "70a8c8a4-b67a-4557-92ab-f5a095c81f18",
              "isHook": false,
              "skipped": false
            }
          ],
          "suites": [],
          "passes": [
            "0d49f968-9e3b-46e2-b06b-936bd8b3c030"
          ],
          "failures": [],
          "pending": [],
          "skipped": [],
          "duration": 1923,
          "root": false,
          "rootEmpty": false,
          "_timeout": 2000
        }
      ],
      "passes": [],
      "failures": [],
      "pending": [],
      "skipped": [],
      "duration": 0,
      "root": true,
      "rootEmpty": true,
      "_timeout": 2000
    },
    {
      "uuid": "07a8b8da-2421-44f9-9196-ee3992eaba93",
      "title": "",
      "fullFile": "cypress/integration/webdriver-uni/radiobuttons.js",
      "file": "cypress/integration/webdriver-uni/radiobuttons.js",
      "beforeHooks": [],
      "afterHooks": [],
      "tests": [],
      "suites": [
        {
          "uuid": "a5bc67c4-256a-425f-ab87-f06f92694149",
          "title": "Verify radiobutton via webdriveruni",
          "fullFile": "",
          "file": "",
          "beforeHooks": [],
          "afterHooks": [],
          "tests": [
            {
              "title": "Check radiobutton value",
              "fullTitle": "Verify radiobutton via webdriveruni Check radiobutton value",
              "timedOut": null,
              "duration": 1976,
              "state": "passed",
              "speed": "fast",
              "pass": true,
              "fail": false,
              "pending": false,
              "context": null,
              "code": "cy.get('#radio-buttons').find('input').first().check();\ncy.get('#radio-buttons').find('input').eq(1).check();",
              "err": {},
              "uuid": "272b0bb0-d30d-49fc-9995-3f48920d1a6a",
              "parentUUID": "a5bc67c4-256a-425f-ab87-f06f92694149",
              "isHook": false,
              "skipped": false
            },
            {
              "title": "Validate the states of specific radio buttons",
              "fullTitle": "Verify radiobutton via webdriveruni Validate the states of specific radio buttons",
              "timedOut": null,
              "duration": 781,
              "state": "passed",
              "speed": "fast",
              "pass": true,
              "fail": false,
              "pending": false,
              "context": null,
              "code": "cy.get('[value=\"lettuce\"]').should('not.be.checked');\ncy.get('[value=\"pumpkin\"]').should('be.checked');\ncy.get('[value=\"lettuce\"]').click();\ncy.get('[value=\"lettuce\"]').should('be.checked');\ncy.get('[value=\"pumpkin\"]').should('not.be.checked');\ncy.get('[value=\"cabbage\"]').should('be.disabled');",
              "err": {},
              "uuid": "c55c770f-4c10-40b0-acb2-4a3fce15e4a1",
              "parentUUID": "a5bc67c4-256a-425f-ab87-f06f92694149",
              "isHook": false,
              "skipped": false
            }
          ],
          "suites": [],
          "passes": [
            "272b0bb0-d30d-49fc-9995-3f48920d1a6a",
            "c55c770f-4c10-40b0-acb2-4a3fce15e4a1"
          ],
          "failures": [],
          "pending": [],
          "skipped": [],
          "duration": 2757,
          "root": false,
          "rootEmpty": false,
          "_timeout": 2000
        }
      ],
      "passes": [],
      "failures": [],
      "pending": [],
      "skipped": [],
      "duration": 0,
      "root": true,
      "rootEmpty": true,
      "_timeout": 2000
    },
    {
      "uuid": "349682d8-ad6d-42a5-938e-804afb43391f",
      "title": "",
      "fullFile": "cypress/integration/webdriver-uni/select-dropdown-list.js",
      "file": "cypress/integration/webdriver-uni/select-dropdown-list.js",
      "beforeHooks": [],
      "afterHooks": [],
      "tests": [],
      "suites": [
        {
          "uuid": "f84527ac-e95d-42d2-af80-1baa75a1825f",
          "title": "Verify dropdown list via webdriveruni",
          "fullFile": "",
          "file": "",
          "beforeHooks": [],
          "afterHooks": [],
          "tests": [
            {
              "title": "Check drodown list",
              "fullTitle": "Verify dropdown list via webdriveruni Check drodown list",
              "timedOut": null,
              "duration": 2058,
              "state": "passed",
              "speed": "fast",
              "pass": true,
              "fail": false,
              "pending": false,
              "context": null,
              "code": "cy.get('#dropdowm-menu-1').select('c#');\ncy.get('#dropdowm-menu-2').select('TestNG').should('have.value', 'testng');\ncy.get('#dropdowm-menu-3').select('javascript').contains('JQuery');",
              "err": {},
              "uuid": "2252d2a6-76d8-4a78-9138-ba092433d533",
              "parentUUID": "f84527ac-e95d-42d2-af80-1baa75a1825f",
              "isHook": false,
              "skipped": false
            }
          ],
          "suites": [],
          "passes": [
            "2252d2a6-76d8-4a78-9138-ba092433d533"
          ],
          "failures": [],
          "pending": [],
          "skipped": [],
          "duration": 2058,
          "root": false,
          "rootEmpty": false,
          "_timeout": 2000
        }
      ],
      "passes": [],
      "failures": [],
      "pending": [],
      "skipped": [],
      "duration": 0,
      "root": true,
      "rootEmpty": true,
      "_timeout": 2000
    },
    {
      "uuid": "92eac0b1-cfe4-4caa-bb30-7d5e1271d00d",
      "title": "",
      "fullFile": "cypress/integration/webdriver-uni/traversing-elements.js",
      "file": "cypress/integration/webdriver-uni/traversing-elements.js",
      "beforeHooks": [],
      "afterHooks": [],
      "tests": [],
      "suites": [
        {
          "uuid": "14736173-e7ba-4dc0-b329-7b30d3e609c4",
          "title": "Traversing DOM elements in Cypress",
          "fullFile": "",
          "file": "",
          "beforeHooks": [],
          "afterHooks": [],
          "tests": [
            {
              "title": "children() to get the children of DOM elements",
              "fullTitle": "Traversing DOM elements in Cypress children() to get the children of DOM elements",
              "timedOut": null,
              "duration": 1451,
              "state": "passed",
              "speed": "fast",
              "pass": true,
              "fail": false,
              "pending": false,
              "context": null,
              "code": "cy.get('.traversal-breadcrumb').children('.active').should('contain', 'Contact Us');",
              "err": {},
              "uuid": "8f7d9cb6-259a-4930-af05-21b89738c68c",
              "parentUUID": "14736173-e7ba-4dc0-b329-7b30d3e609c4",
              "isHook": false,
              "skipped": false
            },
            {
              "title": "closest() to validate the closest ancestor DOM element",
              "fullTitle": "Traversing DOM elements in Cypress closest() to validate the closest ancestor DOM element",
              "timedOut": null,
              "duration": 674,
              "state": "passed",
              "speed": "fast",
              "pass": true,
              "fail": false,
              "pending": false,
              "context": null,
              "code": "cy.get('.traversal-badge').closest('ul').should('have.class', 'list-group');",
              "err": {},
              "uuid": "071b96cd-8e8c-478e-8713-6627c260cbbc",
              "parentUUID": "14736173-e7ba-4dc0-b329-7b30d3e609c4",
              "isHook": false,
              "skipped": false
            },
            {
              "title": "eq() to retrieve a specific element based on index",
              "fullTitle": "Traversing DOM elements in Cypress eq() to retrieve a specific element based on index",
              "timedOut": null,
              "duration": 602,
              "state": "passed",
              "speed": "fast",
              "pass": true,
              "fail": false,
              "pending": false,
              "context": null,
              "code": "cy.get('.traversal-drinks-list li').eq(2).should('contain', 'Milk');",
              "err": {},
              "uuid": "f7d334d8-f052-48c3-9767-6fd3fea512f7",
              "parentUUID": "14736173-e7ba-4dc0-b329-7b30d3e609c4",
              "isHook": false,
              "skipped": false
            },
            {
              "title": "filter() to retrieve DOM elements that match a specific selector",
              "fullTitle": "Traversing DOM elements in Cypress filter() to retrieve DOM elements that match a specific selector",
              "timedOut": null,
              "duration": 619,
              "state": "passed",
              "speed": "fast",
              "pass": true,
              "fail": false,
              "pending": false,
              "context": null,
              "code": "cy.get('.btn-group-toggle > *').filter('.active').should('contain', 'Button-1');",
              "err": {},
              "uuid": "ae8a3643-9bc8-47ac-be0f-e728dfba129e",
              "parentUUID": "14736173-e7ba-4dc0-b329-7b30d3e609c4",
              "isHook": false,
              "skipped": false
            },
            {
              "title": "find() to retrieve DOM elements of a given selector",
              "fullTitle": "Traversing DOM elements in Cypress find() to retrieve DOM elements of a given selector",
              "timedOut": null,
              "duration": 552,
              "state": "passed",
              "speed": "fast",
              "pass": true,
              "fail": false,
              "pending": false,
              "context": null,
              "code": "cy.get('.traversal-pagination').find('a').should('have.length', 7);",
              "err": {},
              "uuid": "483e48f3-cc0d-4c70-b1c4-90232547a5f0",
              "parentUUID": "14736173-e7ba-4dc0-b329-7b30d3e609c4",
              "isHook": false,
              "skipped": false
            },
            {
              "title": "first() to retrieve the first DOM element within elements ",
              "fullTitle": "Traversing DOM elements in Cypress first() to retrieve the first DOM element within elements ",
              "timedOut": null,
              "duration": 650,
              "state": "passed",
              "speed": "fast",
              "pass": true,
              "fail": false,
              "pending": false,
              "context": null,
              "code": "cy.get('.traversal-table > tbody > tr > td').first().should('contain', 'Andy');",
              "err": {},
              "uuid": "a68662fd-0cd1-4022-975a-f1bbca54ff11",
              "parentUUID": "14736173-e7ba-4dc0-b329-7b30d3e609c4",
              "isHook": false,
              "skipped": false
            },
            {
              "title": "last() to retrieve the last DOM element within elements",
              "fullTitle": "Traversing DOM elements in Cypress last() to retrieve the last DOM element within elements",
              "timedOut": null,
              "duration": 729,
              "state": "passed",
              "speed": "fast",
              "pass": true,
              "fail": false,
              "pending": false,
              "context": null,
              "code": "cy.get('.traversal-table > tbody > tr > td').last().should('contain', 'Scott');",
              "err": {},
              "uuid": "a25ce897-a8cb-46f8-bdfe-78e5238f3268",
              "parentUUID": "14736173-e7ba-4dc0-b329-7b30d3e609c4",
              "isHook": false,
              "skipped": false
            },
            {
              "title": "nextAll() to get all of the next sibling DOM elements within elements",
              "fullTitle": "Traversing DOM elements in Cypress nextAll() to get all of the next sibling DOM elements within elements",
              "timedOut": null,
              "duration": 754,
              "state": "passed",
              "speed": "fast",
              "pass": true,
              "fail": false,
              "pending": false,
              "context": null,
              "code": "cy.get('.traversal-drinks-list').contains('Tea').nextAll().should('have.length', '3');",
              "err": {},
              "uuid": "9fa94ef8-c23d-4549-9e3e-e7acf0916567",
              "parentUUID": "14736173-e7ba-4dc0-b329-7b30d3e609c4",
              "isHook": false,
              "skipped": false
            },
            {
              "title": "nextUntil() to get all of the next sibling DOM elements within elements until another element",
              "fullTitle": "Traversing DOM elements in Cypress nextUntil() to get all of the next sibling DOM elements within elements until another element",
              "timedOut": null,
              "duration": 760,
              "state": "passed",
              "speed": "fast",
              "pass": true,
              "fail": false,
              "pending": false,
              "context": null,
              "code": "cy.get('#coffee').nextUntil('#milk').should('have.length', '1');",
              "err": {},
              "uuid": "12904459-64be-4691-b8ed-99d336ad4090",
              "parentUUID": "14736173-e7ba-4dc0-b329-7b30d3e609c4",
              "isHook": false,
              "skipped": false
            },
            {
              "title": "not() to remove DOM element(s) from the set of elements",
              "fullTitle": "Traversing DOM elements in Cypress not() to remove DOM element(s) from the set of elements",
              "timedOut": null,
              "duration": 757,
              "state": "passed",
              "speed": "fast",
              "pass": true,
              "fail": false,
              "pending": false,
              "context": null,
              "code": "cy.get('.traversal-button-states > button').not('.disabled').should('not.have.class', 'disabled');",
              "err": {},
              "uuid": "26e6c2ee-6227-4c34-bd2c-6d157c34f67d",
              "parentUUID": "14736173-e7ba-4dc0-b329-7b30d3e609c4",
              "isHook": false,
              "skipped": false
            },
            {
              "title": "parent() To get parent DOM element of elements",
              "fullTitle": "Traversing DOM elements in Cypress parent() To get parent DOM element of elements",
              "timedOut": null,
              "duration": 847,
              "state": "passed",
              "speed": "fast",
              "pass": true,
              "fail": false,
              "pending": false,
              "context": null,
              "code": "cy.get('.traversal-mark').parent().should('contain', 'Lorem ipsum dolor sit amet,');",
              "err": {},
              "uuid": "b249d17e-45f9-4ca1-8e20-6a8e0cac15ed",
              "parentUUID": "14736173-e7ba-4dc0-b329-7b30d3e609c4",
              "isHook": false,
              "skipped": false
            },
            {
              "title": "parents() to get parents DOM element of elements",
              "fullTitle": "Traversing DOM elements in Cypress parents() to get parents DOM element of elements",
              "timedOut": null,
              "duration": 974,
              "state": "passed",
              "speed": "fast",
              "pass": true,
              "fail": false,
              "pending": false,
              "context": null,
              "code": "cy.get('.traversal-cite').parents().should('match', 'blockquote');",
              "err": {},
              "uuid": "c9eb84eb-4061-4930-8a36-bb65419781e1",
              "parentUUID": "14736173-e7ba-4dc0-b329-7b30d3e609c4",
              "isHook": false,
              "skipped": false
            },
            {
              "title": "prev() to get the previous sibling DOM element within elements",
              "fullTitle": "Traversing DOM elements in Cypress prev() to get the previous sibling DOM element within elements",
              "timedOut": null,
              "duration": 782,
              "state": "passed",
              "speed": "fast",
              "pass": true,
              "fail": false,
              "pending": false,
              "context": null,
              "code": "cy.get('#espresso').prev().should('contain', 'Milk');",
              "err": {},
              "uuid": "5930ed8a-5237-4621-b3ea-43d7e1876d69",
              "parentUUID": "14736173-e7ba-4dc0-b329-7b30d3e609c4",
              "isHook": false,
              "skipped": false
            },
            {
              "title": "prevAll() to get all previous sibling DOM elements within elements",
              "fullTitle": "Traversing DOM elements in Cypress prevAll() to get all previous sibling DOM elements within elements",
              "timedOut": null,
              "duration": 713,
              "state": "passed",
              "speed": "fast",
              "pass": true,
              "fail": false,
              "pending": false,
              "context": null,
              "code": "cy.get('.sales').prevAll().should('have.length', 2);",
              "err": {},
              "uuid": "acce26e3-445f-4fbb-8661-8b9fe9f41fae",
              "parentUUID": "14736173-e7ba-4dc0-b329-7b30d3e609c4",
              "isHook": false,
              "skipped": false
            },
            {
              "title": "prevUntil() to get all previous sibling DOM elements within elements until other element",
              "fullTitle": "Traversing DOM elements in Cypress prevUntil() to get all previous sibling DOM elements within elements until other element",
              "timedOut": null,
              "duration": 838,
              "state": "passed",
              "speed": "fast",
              "pass": true,
              "fail": false,
              "pending": false,
              "context": null,
              "code": "cy.get('#veggie').prevUntil('#fruits').should('have.length', 5);",
              "err": {},
              "uuid": "354ffb21-7206-4f3c-a927-f47d61549042",
              "parentUUID": "14736173-e7ba-4dc0-b329-7b30d3e609c4",
              "isHook": false,
              "skipped": false
            },
            {
              "title": "siblings() To get all sibling DOM elements of elements",
              "fullTitle": "Traversing DOM elements in Cypress siblings() To get all sibling DOM elements of elements",
              "timedOut": null,
              "duration": 764,
              "state": "passed",
              "speed": "fast",
              "pass": true,
              "fail": false,
              "pending": false,
              "context": null,
              "code": "cy.get('.traversal-button-other-states .active').siblings().should('have.length', 3);",
              "err": {},
              "uuid": "80cf577f-ef1d-4d42-b98b-c0a8ef42e368",
              "parentUUID": "14736173-e7ba-4dc0-b329-7b30d3e609c4",
              "isHook": false,
              "skipped": false
            }
          ],
          "suites": [],
          "passes": [
            "8f7d9cb6-259a-4930-af05-21b89738c68c",
            "071b96cd-8e8c-478e-8713-6627c260cbbc",
            "f7d334d8-f052-48c3-9767-6fd3fea512f7",
            "ae8a3643-9bc8-47ac-be0f-e728dfba129e",
            "483e48f3-cc0d-4c70-b1c4-90232547a5f0",
            "a68662fd-0cd1-4022-975a-f1bbca54ff11",
            "a25ce897-a8cb-46f8-bdfe-78e5238f3268",
            "9fa94ef8-c23d-4549-9e3e-e7acf0916567",
            "12904459-64be-4691-b8ed-99d336ad4090",
            "26e6c2ee-6227-4c34-bd2c-6d157c34f67d",
            "b249d17e-45f9-4ca1-8e20-6a8e0cac15ed",
            "c9eb84eb-4061-4930-8a36-bb65419781e1",
            "5930ed8a-5237-4621-b3ea-43d7e1876d69",
            "acce26e3-445f-4fbb-8661-8b9fe9f41fae",
            "354ffb21-7206-4f3c-a927-f47d61549042",
            "80cf577f-ef1d-4d42-b98b-c0a8ef42e368"
          ],
          "failures": [],
          "pending": [],
          "skipped": [],
          "duration": 12466,
          "root": false,
          "rootEmpty": false,
          "_timeout": 2000
        }
      ],
      "passes": [],
      "failures": [],
      "pending": [],
      "skipped": [],
      "duration": 0,
      "root": true,
      "rootEmpty": true,
      "_timeout": 2000
    },
    {
      "uuid": "0ae4d9ac-ee82-4f6b-a682-cdad3cb82fe8",
      "title": "",
      "fullFile": "cypress/integration/automation-test-store/add-multiple-items-to-basket.js",
      "file": "cypress/integration/automation-test-store/add-multiple-items-to-basket.js",
      "beforeHooks": [],
      "afterHooks": [],
      "tests": [],
      "suites": [
        {
          "uuid": "2bceeb15-09e8-4e5b-b6a1-6c99e0916f8d",
          "title": "Add multiple items to basket in https://www.automationteststore.com/",
          "fullFile": "",
          "file": "",
          "beforeHooks": [],
          "afterHooks": [],
          "tests": [
            {
              "title": "Add specific item to basket",
              "fullTitle": "Add multiple items to basket in https://www.automationteststore.com/ Add specific item to basket",
              "timedOut": null,
              "duration": 7094,
              "state": "passed",
              "speed": "medium",
              "pass": true,
              "fail": false,
              "pending": false,
              "context": null,
              "code": "hairCare_PO.addProductsToBasket();",
              "err": {},
              "uuid": "af554386-2462-4df8-8635-2518ce6fef0f",
              "parentUUID": "2bceeb15-09e8-4e5b-b6a1-6c99e0916f8d",
              "isHook": false,
              "skipped": false
            }
          ],
          "suites": [],
          "passes": [
            "af554386-2462-4df8-8635-2518ce6fef0f"
          ],
          "failures": [],
          "pending": [],
          "skipped": [],
          "duration": 7094,
          "root": false,
          "rootEmpty": false,
          "_timeout": 2000
        }
      ],
      "passes": [],
      "failures": [],
      "pending": [],
      "skipped": [],
      "duration": 0,
      "root": true,
      "rootEmpty": true,
      "_timeout": 2000
    }
  ],
  "meta": {
    "mocha": {
      "version": "7.0.1"
    },
    "mochawesome": {
      "options": {
        "quiet": false,
        "reportFilename": "mochawesome",
        "saveHtml": false,
        "saveJson": true,
        "consoleReporter": "spec",
        "useInlineDiffs": false,
        "code": true
      },
      "version": "7.1.3"
    },
    "marge": {
      "options": {
        "reportDir": "cypress/results",
        "overwrite": false,
        "html": false,
        "json": true
      },
      "version": "6.2.0"
    }
  }
}